[14:11:01] [ServerMain/INFO]: [bootstrap] Running Java 21 (OpenJDK 64-Bit Server VM 21.0.5+11-Ubuntu-1ubuntu120.04; Ubuntu null) on Linux 6.5.0-1025-azure (amd64)
[14:11:01] [ServerMain/INFO]: [bootstrap] Loading Paper 1.21.3-63-master@4190ee7 (2024-11-25T18:59:19Z) for Minecraft 1.21.3
[14:11:01] [ServerMain/INFO]: [PluginInitializerManager] Initializing plugins...
[14:11:02] [Paper Plugin Remapper Thread - 2/INFO]: [PluginRemapper] Remapping plugin 'plugins/floodgate-spigot.jar'...
[14:11:06] [Paper Plugin Remapper Thread - 2/INFO]: [PluginRemapper] Done remapping plugin 'plugins/floodgate-spigot.jar' in 3971ms.
[14:11:06] [ServerMain/INFO]: [PluginInitializerManager] Initialized 3 plugins
[14:11:06] [ServerMain/INFO]: [PluginInitializerManager] Bukkit plugins (3):
 - Geyser-Spigot (2.5.0-SNAPSHOT), ViaVersion (5.1.1), floodgate (2.2.3-SNAPSHOT (b114-83fbd6e))
[14:11:10] [ServerMain/INFO]: Environment: Environment[sessionHost=https://sessionserver.mojang.com, servicesHost=https://api.minecraftservices.com, name=PROD]
[14:11:12] [ServerMain/INFO]: Loaded 1337 recipes
[14:11:12] [ServerMain/INFO]: Loaded 1448 advancements
[14:11:12] [Server thread/INFO]: Starting minecraft server version 1.21.3
[14:11:12] [Server thread/INFO]: Loading properties
[14:11:12] [Server thread/INFO]: This server is running Paper version 1.21.3-63-master@4190ee7 (2024-11-25T18:59:19Z) (Implementing API version 1.21.3-R0.1-SNAPSHOT)
[14:11:13] [Server thread/INFO]: [spark] This server bundles the spark profiler. For more information please visit https://docs.papermc.io/paper/profiling
[14:11:13] [Server thread/INFO]: Server Ping Player Sample Count: 12
[14:11:13] [Server thread/INFO]: Using 4 threads for Netty based IO
[14:11:14] [Server thread/INFO]: [MoonriseCommon] Paper is using 1 worker threads, 1 I/O threads
[14:11:14] [Server thread/INFO]: [ChunkTaskScheduler] Chunk system is using population gen parallelism: true
[14:11:14] [Server thread/INFO]: Default game type: SURVIVAL
[14:11:14] [Server thread/INFO]: Generating keypair
[14:11:14] [Server thread/INFO]: Starting Minecraft server on *:25565
[14:11:14] [Server thread/INFO]: Using epoll channel type
[14:11:14] [Server thread/INFO]: Paper: Using libdeflate (Linux x86_64) compression from Velocity.
[14:11:14] [Server thread/INFO]: Paper: Using OpenSSL 1.1.x (Linux x86_64) cipher from Velocity.
[14:11:15] [Server thread/INFO]: [floodgate] Loading server plugin floodgate v2.2.3-SNAPSHOT (b114-83fbd6e)
[14:11:16] [Server thread/WARN]: [floodgate] en_ is not a supported Floodgate language.
[14:11:16] [Server thread/INFO]: [floodgate] Took 1,192ms to boot Floodgate
[14:11:16] [Server thread/INFO]: [ViaVersion] Loading server plugin ViaVersion v5.1.1
[14:11:16] [Server thread/INFO]: [ViaVersion] ViaVersion 5.1.1 is now loaded. Registering protocol transformers and injecting...
[14:11:16] [Via-Mappingloader-0/INFO]: [ViaVersion] Loading block connection mappings ...
[14:11:16] [Via-Mappingloader-0/INFO]: [ViaVersion] Using FastUtil Long2ObjectOpenHashMap for block connections
[14:11:17] [Server thread/INFO]: [Geyser-Spigot] Loading server plugin Geyser-Spigot v2.5.0-SNAPSHOT
[14:11:17] [Server thread/INFO]: [Geyser-Spigot] Loading extensions...
[14:11:17] [Server thread/INFO]: [Geyser-Spigot] Loaded 0 extension(s)
[14:11:17] [Server thread/INFO]: Server permissions file permissions.yml is empty, ignoring it
[14:11:17] [Server thread/WARN]: **** SERVER IS RUNNING IN OFFLINE/INSECURE MODE!
[14:11:17] [Server thread/WARN]: The server will make no attempt to authenticate usernames. Beware.
[14:11:17] [Server thread/WARN]: While this makes the game possible to play without internet access, it also opens up the ability for hackers to connect with any username they choose.
[14:11:17] [Server thread/WARN]: To change this, set "online-mode" to "true" in the server.properties file.
[14:11:17] [Server thread/INFO]: Preparing level "world"
[14:11:18] [Server thread/INFO]: Preparing start region for dimension minecraft:overworld
[14:11:18] [Server thread/INFO]: Preparing spawn area: 0%
[14:11:18] [Server thread/INFO]: Preparing spawn area: 10%
[14:11:18] [Server thread/INFO]: Time elapsed: 601 ms
[14:11:18] [Server thread/INFO]: Preparing start region for dimension minecraft:the_nether
[14:11:18] [Server thread/INFO]: Preparing spawn area: 0%
[14:11:19] [Server thread/INFO]: Time elapsed: 210 ms
[14:11:19] [Server thread/INFO]: Preparing start region for dimension minecraft:the_end
[14:11:19] [Server thread/INFO]: Preparing spawn area: 0%
[14:11:19] [Paper Common Worker #0/INFO]: [MCTypeRegistry] Initialising converters for DataConverter...
[14:11:19] [Paper Common Worker #0/INFO]: [MCTypeRegistry] Finished initialising converters for DataConverter in 259.1ms
[14:11:19] [Server thread/INFO]: Preparing spawn area: 67%
[14:11:19] [Server thread/INFO]: Time elapsed: 678 ms
[14:11:19] [Server thread/INFO]: [floodgate] Enabling floodgate v2.2.3-SNAPSHOT (b114-83fbd6e)
[14:11:20] [Server thread/INFO]: [ViaVersion] Enabling ViaVersion v5.1.1
[14:11:20] [Server thread/INFO]: [ViaVersion] ViaVersion detected server version: 1.21.2-1.21.3 (768)
[14:11:20] [Server thread/WARN]: [ViaVersion] ViaVersion does not have any compatible versions for this server version!
[14:11:20] [Server thread/WARN]: [ViaVersion] Please remember that ViaVersion only adds support for versions newer than the server version.
[14:11:20] [Server thread/WARN]: [ViaVersion] If you need support for older versions you may need to use one or more ViaVersion addons too.
[14:11:20] [Server thread/WARN]: [ViaVersion] In that case please read the ViaVersion resource page carefully or use https://viaversion.com/setup
[14:11:20] [Server thread/WARN]: [ViaVersion] and if you're still unsure, feel free to join our Discord-Server for further assistance.
[14:11:20] [Server thread/INFO]: [Geyser-Spigot] Enabling Geyser-Spigot v2.5.0-SNAPSHOT
[14:11:20] [Server thread/INFO]: [spark] Starting background profiler...
[14:11:20] [Server thread/INFO]: [Geyser-Spigot] ******************************************
[14:11:20] [Server thread/INFO]: [Geyser-Spigot] 
[14:11:20] [Server thread/INFO]: [Geyser-Spigot] Loading Geyser version 2.5.0-b716 (git-master-2ebce9c)
[14:11:20] [Server thread/INFO]: [Geyser-Spigot] 
[14:11:20] [Server thread/INFO]: [Geyser-Spigot] ******************************************
[14:11:25] [epollEventLoopGroup-3-2/INFO]: [Geyser-Spigot] Started Geyser on UDP port 42086
[14:11:25] [Server thread/INFO]: [Geyser-Spigot] Done (5.001s)! Run /geyser help for help!
[14:11:25] [Server thread/INFO]: Done preparing level "world" (8.195s)
[14:11:25] [Server thread/INFO]: Running delayed init tasks
[14:11:25] [Server thread/INFO]: Done (25.038s)! For help, type "help"
[14:11:25] [Craft Scheduler Thread - 3 - ViaVersion/INFO]: [ViaVersion] Finished mapping loading, shutting down loader executor.
[14:13:33] [epollEventLoopGroup-4-1/INFO]: [Geyser-Spigot] Player connected with username AguilaYT224
[14:13:33] [localSession-7-2/INFO]: [Geyser-Spigot] AguilaYT224 (logged in as: AguilaYT224) has connected to the Java server
[14:13:33] [Server thread/INFO]: [floodgate] Floodgate player logged in as .AguilaYT224 joined (UUID: 00000000-0000-0000-0009-01f6b6fc2e45)
[14:13:34] [Server thread/INFO]: .AguilaYT224 joined the game
[14:13:34] [Server thread/INFO]: .AguilaYT224[/127.0.0.1:0] logged in with entity id 11 at ([world]-7.5, 77.0, 5.5)
[14:13:59] [localSession-7-2/INFO]: [Geyser-Spigot] AguilaYT224 has disconnected from the Java server because of Bedrock client disconnected
[14:13:59] [Geyser Spigot connection thread-6-3/INFO]: [floodgate] Floodgate player logged in as .AguilaYT224 disconnected
[14:13:59] [Server thread/INFO]: .AguilaYT224 lost connection: Disconnected
[14:13:59] [Server thread/INFO]: .AguilaYT224 left the game
